{
  "stats": {
    "suites": 1,
    "tests": 1,
    "passes": 0,
    "pending": 0,
    "failures": 1,
    "start": "2026-03-05T12:09:31.276Z",
    "end": "2026-03-05T12:09:32.017Z",
    "duration": 741,
    "testsRegistered": 1,
    "passPercent": 0,
    "pendingPercent": 0,
    "other": 0,
    "hasOther": false,
    "skipped": 0,
    "hasSkipped": false
  },
  "results": [
    {
      "uuid": "a1c8d21b-3e15-4066-af4f-cd7f8877701b",
      "title": "",
      "fullFile": "cypress\\e2e\\teste-ia.cy.js",
      "file": "cypress\\e2e\\teste-ia.cy.js",
      "beforeHooks": [],
      "afterHooks": [],
      "tests": [],
      "suites": [
        {
          "uuid": "c6f544bf-2c65-4fed-96ad-03d1089ff87f",
          "title": "GET /clinicas - Listar Clínicas",
          "fullFile": "",
          "file": "",
          "beforeHooks": [],
          "afterHooks": [],
          "tests": [
            {
              "title": "Deve retornar a lista de clínicas com status 200",
              "fullTitle": "GET /clinicas - Listar Clínicas Deve retornar a lista de clínicas com status 200",
              "timedOut": null,
              "duration": 692,
              "state": "failed",
              "speed": null,
              "pass": false,
              "fail": true,
              "pending": false,
              "context": null,
              "code": "cy.request('GET', Cypress.env('api/clinica')).then(response => {\n  expect(response.status).to.eq(200);\n  expect(response.body).to.be.an('array');\n  expect(response.body.length).to.be.greaterThan(0);\n});",
              "err": {
                "message": "CypressError: `cy.request()` requires a `url`. You did not provide a `url`.\n\nhttps://on.cypress.io/request",
                "estack": "CypressError: `cy.request()` requires a `url`. You did not provide a `url`.\n\nhttps://on.cypress.io/request\n    at Context.request (http://localhost:3000/__cypress/runner/cypress_runner.js:136203:70)\n    at wrapped (http://localhost:3000/__cypress/runner/cypress_runner.js:146319:43)\nFrom Your Spec Code:\n    at ee (webpack://projeto-volmed-cypress/./node_modules/cypress-plugin-api/dist/support.js:14:2002)\n    at Context.eval (webpack://projeto-volmed-cypress/./node_modules/cypress-plugin-api/dist/support.js:14:2181)\n    at overridden.fn (http://localhost:3000/__cypress/runner/cypress_runner.js:114266:21)\n    at wrapped (http://localhost:3000/__cypress/runner/cypress_runner.js:146319:43)",
                "diff": null
              },
              "uuid": "fea4f15c-0aca-4fd3-90bf-0c85dadaf2c4",
              "parentUUID": "c6f544bf-2c65-4fed-96ad-03d1089ff87f",
              "isHook": false,
              "skipped": false
            }
          ],
          "suites": [],
          "passes": [],
          "failures": [
            "fea4f15c-0aca-4fd3-90bf-0c85dadaf2c4"
          ],
          "pending": [],
          "skipped": [],
          "duration": 692,
          "root": false,
          "rootEmpty": false,
          "_timeout": 2000
        }
      ],
      "passes": [],
      "failures": [],
      "pending": [],
      "skipped": [],
      "duration": 0,
      "root": true,
      "rootEmpty": true,
      "_timeout": 2000
    }
  ],
  "meta": {
    "mocha": {
      "version": "7.2.0"
    },
    "mochawesome": {
      "options": {
        "quiet": false,
        "reportFilename": "mochawesome",
        "saveHtml": true,
        "saveJson": true,
        "consoleReporter": "spec",
        "useInlineDiffs": false,
        "code": true
      },
      "version": "7.1.4"
    },
    "marge": {
      "options": {
        "reportDir": "cypress/results",
        "overwrite": false,
        "html": true,
        "json": true,
        "timestamp": "mmddyyyy_HHMMss"
      },
      "version": "6.3.2"
    }
  }
}