{
  "stats": {
    "suites": 4,
    "tests": 3,
    "passes": 0,
    "pending": 0,
    "failures": 3,
    "start": "2026-03-05T12:09:06.545Z",
    "end": "2026-03-05T12:09:07.433Z",
    "duration": 888,
    "testsRegistered": 4,
    "passPercent": 0,
    "pendingPercent": 0,
    "other": 0,
    "hasOther": false,
    "skipped": 1,
    "hasSkipped": true
  },
  "results": [
    {
      "uuid": "19729802-f2bd-404e-80a0-1ed1c65998c8",
      "title": "",
      "fullFile": "cypress\\e2e\\login-api.cy.js",
      "file": "cypress\\e2e\\login-api.cy.js",
      "beforeHooks": [],
      "afterHooks": [],
      "tests": [],
      "suites": [
        {
          "uuid": "ece9aea3-f45e-4e20-a326-fefa89d2c529",
          "title": "Testes em API",
          "fullFile": "",
          "file": "",
          "beforeHooks": [],
          "afterHooks": [],
          "tests": [],
          "suites": [
            {
              "uuid": "f5b0a65c-5de0-45ef-a55b-e9480c94aef6",
              "title": "Testes em rotas com usuário autorizado",
              "fullFile": "",
              "file": "",
              "beforeHooks": [],
              "afterHooks": [],
              "tests": [
                {
                  "title": "GET via url front para teste em resposta da home",
                  "fullTitle": "Testes em API Testes em rotas com usuário autorizado GET via url front para teste em resposta da home",
                  "timedOut": null,
                  "duration": 240,
                  "state": "failed",
                  "speed": null,
                  "pass": false,
                  "fail": true,
                  "pending": false,
                  "context": null,
                  "code": "cy.request(\"GET\", \"/\").should(response => {\n  expect(response.status).to.eq(200);\n});",
                  "err": {
                    "message": "CypressError: `cy.request()` failed on:\n\nhttp://localhost:8080/auth/login\n\nThe response we received from your web server was:\n\n  > 500: Internal Server Error\n\nThis was considered a failure because the status code was not `2xx` or `3xx`.\n\nIf you do not want status codes to cause failures pass the option: `failOnStatusCode: false`\n\n-----------------------------------------------------------\n\nThe request we sent was:\n\nMethod: POST\nURL: http://localhost:8080/auth/login\nHeaders: {\n  \"Connection\": \"keep-alive\",\n  \"user-agent\": \"Mozilla/5.0 (Windows NT 10.0; Win64; x64) AppleWebKit/537.36 (KHTML, like Gecko) Cypress/15.10.0 Chrome/138.0.7204.251 Electron/37.6.0 Safari/537.36\",\n  \"accept\": \"*/*\",\n  \"accept-encoding\": \"gzip, deflate\",\n  \"content-type\": \"application/json\",\n  \"content-length\": 44\n}\nBody: {\"email\":\"clinica@teste.com\",\"senha\":\"4321\"}\n\n-----------------------------------------------------------\n\nThe response we got was:\n\nStatus: 500 - Internal Server Error\nHeaders: {\n  \"x-powered-by\": \"Express\",\n  \"access-control-allow-origin\": \"*\",\n  \"content-type\": \"application/json; charset=utf-8\",\n  \"content-length\": \"181\",\n  \"etag\": \"W/\\\"b5-x9oIfrr3pIq2kwwlcV1K2LilZTI\\\"\",\n  \"date\": \"Thu, 05 Mar 2026 12:09:06 GMT\",\n  \"connection\": \"keep-alive\",\n  \"keep-alive\": \"timeout=5\"\n}\nBody: {\n  \"status\": 500,\n  \"message\": \"Internal server error: The \\\"password\\\" argument must be of type string or an instance of ArrayBuffer, Buffer, TypedArray, or DataView. Received undefined\"\n}\n\n\nhttps://on.cypress.io/request\n\nBecause this error occurred during a `before each` hook we are skipping the remaining tests in the current suite: `Testes em rotas com usuário...`",
                    "estack": "CypressError: `cy.request()` failed on:\n\nhttp://localhost:8080/auth/login\n\nThe response we received from your web server was:\n\n  > 500: Internal Server Error\n\nThis was considered a failure because the status code was not `2xx` or `3xx`.\n\nIf you do not want status codes to cause failures pass the option: `failOnStatusCode: false`\n\n-----------------------------------------------------------\n\nThe request we sent was:\n\nMethod: POST\nURL: http://localhost:8080/auth/login\nHeaders: {\n  \"Connection\": \"keep-alive\",\n  \"user-agent\": \"Mozilla/5.0 (Windows NT 10.0; Win64; x64) AppleWebKit/537.36 (KHTML, like Gecko) Cypress/15.10.0 Chrome/138.0.7204.251 Electron/37.6.0 Safari/537.36\",\n  \"accept\": \"*/*\",\n  \"accept-encoding\": \"gzip, deflate\",\n  \"content-type\": \"application/json\",\n  \"content-length\": 44\n}\nBody: {\"email\":\"clinica@teste.com\",\"senha\":\"4321\"}\n\n-----------------------------------------------------------\n\nThe response we got was:\n\nStatus: 500 - Internal Server Error\nHeaders: {\n  \"x-powered-by\": \"Express\",\n  \"access-control-allow-origin\": \"*\",\n  \"content-type\": \"application/json; charset=utf-8\",\n  \"content-length\": \"181\",\n  \"etag\": \"W/\\\"b5-x9oIfrr3pIq2kwwlcV1K2LilZTI\\\"\",\n  \"date\": \"Thu, 05 Mar 2026 12:09:06 GMT\",\n  \"connection\": \"keep-alive\",\n  \"keep-alive\": \"timeout=5\"\n}\nBody: {\n  \"status\": 500,\n  \"message\": \"Internal server error: The \\\"password\\\" argument must be of type string or an instance of ArrayBuffer, Buffer, TypedArray, or DataView. Received undefined\"\n}\n\n\nhttps://on.cypress.io/request\n\nBecause this error occurred during a `before each` hook we are skipping the remaining tests in the current suite: `Testes em rotas com usuário...`\n    at <unknown> (http://localhost:3000/__cypress/runner/cypress_runner.js:136431:72)\n    at tryCatcher (http://localhost:3000/__cypress/runner/cypress_runner.js:1777:23)\n    at Promise._settlePromiseFromHandler (http://localhost:3000/__cypress/runner/cypress_runner.js:1489:31)\n    at Promise._settlePromise (http://localhost:3000/__cypress/runner/cypress_runner.js:1546:18)\n    at Promise._settlePromise0 (http://localhost:3000/__cypress/runner/cypress_runner.js:1591:10)\n    at Promise._settlePromises (http://localhost:3000/__cypress/runner/cypress_runner.js:1671:18)\n    at _drainQueueStep (http://localhost:3000/__cypress/runner/cypress_runner.js:2377:12)\n    at _drainQueue (http://localhost:3000/__cypress/runner/cypress_runner.js:2370:9)\n    at Async._drainQueues (http://localhost:3000/__cypress/runner/cypress_runner.js:2386:5)\n    at Async.drainQueues (http://localhost:3000/__cypress/runner/cypress_runner.js:2256:14)\nFrom Your Spec Code:\n    at ee (webpack://projeto-volmed-cypress/./node_modules/cypress-plugin-api/dist/support.js:14:2002)\n    at Context.eval (webpack://projeto-volmed-cypress/./node_modules/cypress-plugin-api/dist/support.js:14:2181)\n    at overridden.fn (http://localhost:3000/__cypress/runner/cypress_runner.js:114266:21)\n    at wrapped (http://localhost:3000/__cypress/runner/cypress_runner.js:146319:43)",
                    "diff": null
                  },
                  "uuid": "a1232afc-288d-4c91-abe7-faf347ce35f9",
                  "parentUUID": "f5b0a65c-5de0-45ef-a55b-e9480c94aef6",
                  "isHook": false,
                  "skipped": false
                },
                {
                  "title": "Deve verificar se o token de autenticação é retornado após login via POST na API",
                  "fullTitle": "Testes em API Testes em rotas com usuário autorizado Deve verificar se o token de autenticação é retornado após login via POST na API",
                  "timedOut": null,
                  "duration": 0,
                  "state": "skipped",
                  "speed": null,
                  "pass": false,
                  "fail": false,
                  "pending": false,
                  "context": null,
                  "code": "cy.get('@token').should('exist');",
                  "err": {},
                  "uuid": "632d6961-7356-4b55-9737-522a6b6c0124",
                  "parentUUID": "f5b0a65c-5de0-45ef-a55b-e9480c94aef6",
                  "isHook": false,
                  "skipped": true
                }
              ],
              "suites": [],
              "passes": [],
              "failures": [
                "a1232afc-288d-4c91-abe7-faf347ce35f9"
              ],
              "pending": [],
              "skipped": [
                "632d6961-7356-4b55-9737-522a6b6c0124"
              ],
              "duration": 240,
              "root": false,
              "rootEmpty": false,
              "_timeout": 2000
            },
            {
              "uuid": "a91fdc84-577a-4fd7-aedf-29ee0ccc0708",
              "title": "Requisições de usuário clinica em especialistas",
              "fullFile": "",
              "file": "",
              "beforeHooks": [],
              "afterHooks": [],
              "tests": [
                {
                  "title": "POST em especialistas",
                  "fullTitle": "Testes em API Requisições de usuário clinica em especialistas POST em especialistas",
                  "timedOut": null,
                  "duration": 217,
                  "state": "failed",
                  "speed": null,
                  "pass": false,
                  "fail": true,
                  "pending": false,
                  "context": null,
                  "code": "cy.get('@especialistas').then(dados => {\n  const especialista = dados.especialistas[0];\n  cy.request({\n    method: 'POST',\n    url: Cypress.env('api_clinica'),\n    body: {\n      nome: especialista.nome,\n      email: especialista.email,\n      senha: especialista.senha,\n      endereco: {\n        cep: especialista.cep,\n        rua: especialista.rua,\n        numero: especialista.numero,\n        complemento: especialista.complemento,\n        estado: especialista.estado\n      }\n    }\n  }).then(response => {\n    if (response.status !== 201) {\n      cy.log(`O status ${response.status} não é o padrão 201`);\n    }\n    expect(response.body).to.have.property('id');\n    expect(response.body).to.have.property('nome', especialista.nome);\n    expect(response.body).to.have.property('email', especialista.email);\n  });\n});",
                  "err": {
                    "message": "CypressError: `cy.request()` failed on:\n\nhttp://localhost:8080/auth/login\n\nThe response we received from your web server was:\n\n  > 500: Internal Server Error\n\nThis was considered a failure because the status code was not `2xx` or `3xx`.\n\nIf you do not want status codes to cause failures pass the option: `failOnStatusCode: false`\n\n-----------------------------------------------------------\n\nThe request we sent was:\n\nMethod: POST\nURL: http://localhost:8080/auth/login\nHeaders: {\n  \"Connection\": \"keep-alive\",\n  \"user-agent\": \"Mozilla/5.0 (Windows NT 10.0; Win64; x64) AppleWebKit/537.36 (KHTML, like Gecko) Cypress/15.10.0 Chrome/138.0.7204.251 Electron/37.6.0 Safari/537.36\",\n  \"accept\": \"*/*\",\n  \"accept-encoding\": \"gzip, deflate\",\n  \"content-type\": \"application/json\",\n  \"content-length\": 44\n}\nBody: {\"email\":\"clinica@teste.com\",\"senha\":\"4321\"}\n\n-----------------------------------------------------------\n\nThe response we got was:\n\nStatus: 500 - Internal Server Error\nHeaders: {\n  \"x-powered-by\": \"Express\",\n  \"access-control-allow-origin\": \"*\",\n  \"content-type\": \"application/json; charset=utf-8\",\n  \"content-length\": \"181\",\n  \"etag\": \"W/\\\"b5-x9oIfrr3pIq2kwwlcV1K2LilZTI\\\"\",\n  \"date\": \"Thu, 05 Mar 2026 12:09:06 GMT\",\n  \"connection\": \"keep-alive\",\n  \"keep-alive\": \"timeout=5\"\n}\nBody: {\n  \"status\": 500,\n  \"message\": \"Internal server error: The \\\"password\\\" argument must be of type string or an instance of ArrayBuffer, Buffer, TypedArray, or DataView. Received undefined\"\n}\n\n\nhttps://on.cypress.io/request\n\nBecause this error occurred during a `before each` hook we are skipping the remaining tests in the current suite: `Requisições de usuário clin...`",
                    "estack": "CypressError: `cy.request()` failed on:\n\nhttp://localhost:8080/auth/login\n\nThe response we received from your web server was:\n\n  > 500: Internal Server Error\n\nThis was considered a failure because the status code was not `2xx` or `3xx`.\n\nIf you do not want status codes to cause failures pass the option: `failOnStatusCode: false`\n\n-----------------------------------------------------------\n\nThe request we sent was:\n\nMethod: POST\nURL: http://localhost:8080/auth/login\nHeaders: {\n  \"Connection\": \"keep-alive\",\n  \"user-agent\": \"Mozilla/5.0 (Windows NT 10.0; Win64; x64) AppleWebKit/537.36 (KHTML, like Gecko) Cypress/15.10.0 Chrome/138.0.7204.251 Electron/37.6.0 Safari/537.36\",\n  \"accept\": \"*/*\",\n  \"accept-encoding\": \"gzip, deflate\",\n  \"content-type\": \"application/json\",\n  \"content-length\": 44\n}\nBody: {\"email\":\"clinica@teste.com\",\"senha\":\"4321\"}\n\n-----------------------------------------------------------\n\nThe response we got was:\n\nStatus: 500 - Internal Server Error\nHeaders: {\n  \"x-powered-by\": \"Express\",\n  \"access-control-allow-origin\": \"*\",\n  \"content-type\": \"application/json; charset=utf-8\",\n  \"content-length\": \"181\",\n  \"etag\": \"W/\\\"b5-x9oIfrr3pIq2kwwlcV1K2LilZTI\\\"\",\n  \"date\": \"Thu, 05 Mar 2026 12:09:06 GMT\",\n  \"connection\": \"keep-alive\",\n  \"keep-alive\": \"timeout=5\"\n}\nBody: {\n  \"status\": 500,\n  \"message\": \"Internal server error: The \\\"password\\\" argument must be of type string or an instance of ArrayBuffer, Buffer, TypedArray, or DataView. Received undefined\"\n}\n\n\nhttps://on.cypress.io/request\n\nBecause this error occurred during a `before each` hook we are skipping the remaining tests in the current suite: `Requisições de usuário clin...`\n    at <unknown> (http://localhost:3000/__cypress/runner/cypress_runner.js:136431:72)\n    at tryCatcher (http://localhost:3000/__cypress/runner/cypress_runner.js:1777:23)\n    at Promise._settlePromiseFromHandler (http://localhost:3000/__cypress/runner/cypress_runner.js:1489:31)\n    at Promise._settlePromise (http://localhost:3000/__cypress/runner/cypress_runner.js:1546:18)\n    at Promise._settlePromise0 (http://localhost:3000/__cypress/runner/cypress_runner.js:1591:10)\n    at Promise._settlePromises (http://localhost:3000/__cypress/runner/cypress_runner.js:1671:18)\n    at _drainQueueStep (http://localhost:3000/__cypress/runner/cypress_runner.js:2377:12)\n    at _drainQueue (http://localhost:3000/__cypress/runner/cypress_runner.js:2370:9)\n    at Async._drainQueues (http://localhost:3000/__cypress/runner/cypress_runner.js:2386:5)\n    at Async.drainQueues (http://localhost:3000/__cypress/runner/cypress_runner.js:2256:14)\nFrom Your Spec Code:\n    at ee (webpack://projeto-volmed-cypress/./node_modules/cypress-plugin-api/dist/support.js:14:2002)\n    at Context.eval (webpack://projeto-volmed-cypress/./node_modules/cypress-plugin-api/dist/support.js:14:2181)\n    at overridden.fn (http://localhost:3000/__cypress/runner/cypress_runner.js:114266:21)\n    at wrapped (http://localhost:3000/__cypress/runner/cypress_runner.js:146319:43)",
                    "diff": null
                  },
                  "uuid": "8fb4935c-9345-422d-a62c-e3766a23cc75",
                  "parentUUID": "a91fdc84-577a-4fd7-aedf-29ee0ccc0708",
                  "isHook": false,
                  "skipped": false
                }
              ],
              "suites": [],
              "passes": [],
              "failures": [
                "8fb4935c-9345-422d-a62c-e3766a23cc75"
              ],
              "pending": [],
              "skipped": [],
              "duration": 217,
              "root": false,
              "rootEmpty": false,
              "_timeout": 2000
            }
          ],
          "passes": [],
          "failures": [],
          "pending": [],
          "skipped": [],
          "duration": 0,
          "root": false,
          "rootEmpty": false,
          "_timeout": 2000
        },
        {
          "uuid": "9df0b917-01b3-4c79-b02b-f284960270c0",
          "title": "Testes em Servidor",
          "fullFile": "",
          "file": "",
          "beforeHooks": [],
          "afterHooks": [],
          "tests": [
            {
              "title": "Deve realizar cadastro de um especialista via requisição POST em especialistas e retornar 200",
              "fullTitle": "Testes em Servidor Deve realizar cadastro de um especialista via requisição POST em especialistas e retornar 200",
              "timedOut": null,
              "duration": 235,
              "state": "failed",
              "speed": null,
              "pass": false,
              "fail": true,
              "pending": false,
              "context": null,
              "code": "cy.get('@especialistas').then(dados => {\n  const especialista = dados.especialistas[0];\n  cy.request({\n    method: 'POST',\n    url: Cypress.env('api_clinica'),\n    body: {\n      nome: especialista.nome,\n      email: especialista.email,\n      senha: especialista.senha,\n      endereco: {\n        cep: especialista.cep,\n        rua: especialista.rua,\n        numero: especialista.numero,\n        complemento: especialista.complemento,\n        estado: especialista.estado\n      }\n    }\n  }).then(response => {\n    if (response.status !== 201) {\n      cy.log(`O status ${response.status} não é o padrão 201`);\n    }\n    expect(response.body).to.have.property('id');\n    expect(response.body).to.have.property('nome');\n    expect(response.body).to.have.property('email');\n  });\n});",
              "err": {
                "message": "CypressError: `cy.request()` failed on:\n\nhttp://localhost:8080/clinica\n\nThe response we received from your web server was:\n\n  > 500: Internal Server Error\n\nThis was considered a failure because the status code was not `2xx` or `3xx`.\n\nIf you do not want status codes to cause failures pass the option: `failOnStatusCode: false`\n\n-----------------------------------------------------------\n\nThe request we sent was:\n\nMethod: POST\nURL: http://localhost:8080/clinica\nHeaders: {\n  \"Connection\": \"keep-alive\",\n  \"user-agent\": \"Mozilla/5.0 (Windows NT 10.0; Win64; x64) AppleWebKit/537.36 (KHTML, like Gecko) Cypress/15.10.0 Chrome/138.0.7204.251 Electron/37.6.0 Safari/537.36\",\n  \"accept\": \"*/*\",\n  \"accept-encoding\": \"gzip, deflate\",\n  \"content-type\": \"application/json\",\n  \"content-length\": 188\n}\nBody: {\"nome\":\"Ana Oliveira\",\"email\":\"ana.oliveira@example.com\",\"senha\":\"abcd1234\",\"endereco\":{\"cep\":12345678,\"rua\":\"Rua das Flores\",\"numero\":123,\"complemento\":\"apto 101\",\"estado\":\"São Paulo\"}}\n\n-----------------------------------------------------------\n\nThe response we got was:\n\nStatus: 500 - Internal Server Error\nHeaders: {\n  \"x-powered-by\": \"Express\",\n  \"access-control-allow-origin\": \"*\",\n  \"content-type\": \"application/json; charset=utf-8\",\n  \"content-length\": \"181\",\n  \"etag\": \"W/\\\"b5-x9oIfrr3pIq2kwwlcV1K2LilZTI\\\"\",\n  \"date\": \"Thu, 05 Mar 2026 12:09:07 GMT\",\n  \"connection\": \"keep-alive\",\n  \"keep-alive\": \"timeout=5\"\n}\nBody: {\n  \"status\": 500,\n  \"message\": \"Internal server error: The \\\"password\\\" argument must be of type string or an instance of ArrayBuffer, Buffer, TypedArray, or DataView. Received undefined\"\n}\n\n\nhttps://on.cypress.io/request",
                "estack": "CypressError: `cy.request()` failed on:\n\nhttp://localhost:8080/clinica\n\nThe response we received from your web server was:\n\n  > 500: Internal Server Error\n\nThis was considered a failure because the status code was not `2xx` or `3xx`.\n\nIf you do not want status codes to cause failures pass the option: `failOnStatusCode: false`\n\n-----------------------------------------------------------\n\nThe request we sent was:\n\nMethod: POST\nURL: http://localhost:8080/clinica\nHeaders: {\n  \"Connection\": \"keep-alive\",\n  \"user-agent\": \"Mozilla/5.0 (Windows NT 10.0; Win64; x64) AppleWebKit/537.36 (KHTML, like Gecko) Cypress/15.10.0 Chrome/138.0.7204.251 Electron/37.6.0 Safari/537.36\",\n  \"accept\": \"*/*\",\n  \"accept-encoding\": \"gzip, deflate\",\n  \"content-type\": \"application/json\",\n  \"content-length\": 188\n}\nBody: {\"nome\":\"Ana Oliveira\",\"email\":\"ana.oliveira@example.com\",\"senha\":\"abcd1234\",\"endereco\":{\"cep\":12345678,\"rua\":\"Rua das Flores\",\"numero\":123,\"complemento\":\"apto 101\",\"estado\":\"São Paulo\"}}\n\n-----------------------------------------------------------\n\nThe response we got was:\n\nStatus: 500 - Internal Server Error\nHeaders: {\n  \"x-powered-by\": \"Express\",\n  \"access-control-allow-origin\": \"*\",\n  \"content-type\": \"application/json; charset=utf-8\",\n  \"content-length\": \"181\",\n  \"etag\": \"W/\\\"b5-x9oIfrr3pIq2kwwlcV1K2LilZTI\\\"\",\n  \"date\": \"Thu, 05 Mar 2026 12:09:07 GMT\",\n  \"connection\": \"keep-alive\",\n  \"keep-alive\": \"timeout=5\"\n}\nBody: {\n  \"status\": 500,\n  \"message\": \"Internal server error: The \\\"password\\\" argument must be of type string or an instance of ArrayBuffer, Buffer, TypedArray, or DataView. Received undefined\"\n}\n\n\nhttps://on.cypress.io/request\n    at <unknown> (http://localhost:3000/__cypress/runner/cypress_runner.js:136431:72)\n    at tryCatcher (http://localhost:3000/__cypress/runner/cypress_runner.js:1777:23)\n    at Promise._settlePromiseFromHandler (http://localhost:3000/__cypress/runner/cypress_runner.js:1489:31)\n    at Promise._settlePromise (http://localhost:3000/__cypress/runner/cypress_runner.js:1546:18)\n    at Promise._settlePromise0 (http://localhost:3000/__cypress/runner/cypress_runner.js:1591:10)\n    at Promise._settlePromises (http://localhost:3000/__cypress/runner/cypress_runner.js:1671:18)\n    at _drainQueueStep (http://localhost:3000/__cypress/runner/cypress_runner.js:2377:12)\n    at _drainQueue (http://localhost:3000/__cypress/runner/cypress_runner.js:2370:9)\n    at Async._drainQueues (http://localhost:3000/__cypress/runner/cypress_runner.js:2386:5)\n    at Async.drainQueues (http://localhost:3000/__cypress/runner/cypress_runner.js:2256:14)\nFrom Your Spec Code:\n    at ee (webpack://projeto-volmed-cypress/./node_modules/cypress-plugin-api/dist/support.js:14:2002)\n    at Context.eval (webpack://projeto-volmed-cypress/./node_modules/cypress-plugin-api/dist/support.js:14:2181)\n    at overridden.fn (http://localhost:3000/__cypress/runner/cypress_runner.js:114266:21)\n    at wrapped (http://localhost:3000/__cypress/runner/cypress_runner.js:146319:43)",
                "diff": null
              },
              "uuid": "b8d60f3b-7565-4ad4-b623-d62d8b5f7984",
              "parentUUID": "9df0b917-01b3-4c79-b02b-f284960270c0",
              "isHook": false,
              "skipped": false
            }
          ],
          "suites": [],
          "passes": [],
          "failures": [
            "b8d60f3b-7565-4ad4-b623-d62d8b5f7984"
          ],
          "pending": [],
          "skipped": [],
          "duration": 235,
          "root": false,
          "rootEmpty": false,
          "_timeout": 2000
        }
      ],
      "passes": [],
      "failures": [],
      "pending": [],
      "skipped": [],
      "duration": 0,
      "root": true,
      "rootEmpty": true,
      "_timeout": 2000
    }
  ],
  "meta": {
    "mocha": {
      "version": "7.2.0"
    },
    "mochawesome": {
      "options": {
        "quiet": false,
        "reportFilename": "mochawesome",
        "saveHtml": true,
        "saveJson": true,
        "consoleReporter": "spec",
        "useInlineDiffs": false,
        "code": true
      },
      "version": "7.1.4"
    },
    "marge": {
      "options": {
        "reportDir": "cypress/results",
        "overwrite": false,
        "html": true,
        "json": true,
        "timestamp": "mmddyyyy_HHMMss"
      },
      "version": "6.3.2"
    }
  }
}